<?xml version="1.0" encoding="UTF-8"?>
<testng-results ignored="0" total="1" passed="1" failed="0" skipped="0">
  <reporter-output>
  </reporter-output>
  <suite started-at="2023-09-30T16:32:31Z" name="Default suite" finished-at="2023-09-30T16:32:34Z" duration-ms="3388">
    <groups>
    </groups>
    <test started-at="2023-09-30T16:32:31Z" name="Default test" finished-at="2023-09-30T16:32:34Z" duration-ms="3388">
      <class name="PruebaSelenium.NewTest">
        <test-method signature="f()[pri:0, instance:PruebaSelenium.NewTest@4671115f]" started-at="2023-09-30T10:32:31Z" name="f" finished-at="2023-09-30T10:32:34Z" duration-ms="3376" status="PASS">
          <reporter-output>
          </reporter-output>
        </test-method> <!-- f -->
      </class> <!-- PruebaSelenium.NewTest -->
    </test> <!-- Default test -->
  </suite> <!-- Default suite -->
</testng-results>
